<?xml version="1.0" encoding="UTF-8"?>
<!-- Generated by org.testng.reporters.JUnitReportReporter -->
<testsuite hostname="LAPTOP-1AUVL5JG" failures="0" tests="1" name="de.contorion.testcases.LoginPageTest" time="12.133" errors="0" timestamp="2022-09-13T03:04:43 IST" skipped="0">
  <testcase classname="de.contorion.testcases.LoginPageTest" name="RegisterTest" time="12.133"/>
  <system-out/>
</testsuite> <!-- de.contorion.testcases.LoginPageTest -->
