<?xml version="1.0" encoding="UTF-8"?>
<!-- Generated by org.testng.reporters.JUnitReportReporter -->
<testsuite hostname="LAPTOP-1AUVL5JG" failures="0" tests="1" name="de.contorion.testcases.SearchPageTest" time="18.689" errors="0" timestamp="2022-09-13T03:06:49 IST" skipped="0">
  <testcase classname="de.contorion.testcases.SearchPageTest" name="ProductAvailabiltytest" time="18.689"/>
  <system-out/>
</testsuite> <!-- de.contorion.testcases.SearchPageTest -->
