<?xml version="1.0" encoding="UTF-8"?>
<!-- Generated by org.testng.reporters.JUnitReportReporter -->
<testsuite hostname="LAPTOP-1AUVL5JG" failures="0" tests="1" name="de.contorion.testcases.LoginPageTest" time="11.464" errors="0" timestamp="2022-09-12T23:16:25 IST" skipped="0">
  <testcase classname="de.contorion.testcases.LoginPageTest" name="RegisterTest" time="11.464"/>
  <system-out/>
</testsuite> <!-- de.contorion.testcases.LoginPageTest -->
